{"C:\\Users\\DELL\\IA-Portfolio-Project\\src\\app.ts": {"path":"C:\\Users\\DELL\\IA-Portfolio-Project\\src\\app.ts","statementMap":{"0":{"start":{"line":1,"column":0},"end":{"line":1,"column":28}},"1":{"start":{"line":2,"column":0},"end":{"line":2,"column":33}},"2":{"start":{"line":3,"column":0},"end":{"line":3,"column":32}},"3":{"start":{"line":4,"column":0},"end":{"line":4,"column":24}},"4":{"start":{"line":5,"column":0},"end":{"line":5,"column":60}},"5":{"start":{"line":6,"column":0},"end":{"line":6,"column":44}},"6":{"start":{"line":7,"column":0},"end":{"line":7,"column":36}},"7":{"start":{"line":8,"column":0},"end":{"line":8,"column":48}},"8":{"start":{"line":9,"column":0},"end":{"line":9,"column":52}},"9":{"start":{"line":11,"column":0},"end":{"line":11,"column":9}},"10":{"start":{"line":13,"column":12},"end":{"line":13,"column":22}},"11":{"start":{"line":264,"column":9},"end":{"line":264,"column":12}},"12":{"start":{"line":14,"column":0},"end":{"line":14,"column":22}},"13":{"start":{"line":15,"column":0},"end":{"line":15,"column":30}},"14":{"start":{"line":17,"column":0},"end":{"line":24,"column":1}},"15":{"start":{"line":18,"column":2},"end":{"line":23,"column":6}},"16":{"start":{"line":21,"column":25},"end":{"line":21,"column":71}},"17":{"start":{"line":50,"column":2},"end":{"line":50,"column":34}},"18":{"start":{"line":50,"column":25},"end":{"line":50,"column":34}},"19":{"start":{"line":51,"column":18},"end":{"line":51,"column":72}},"20":{"start":{"line":51,"column":48},"end":{"line":51,"column":71}},"21":{"start":{"line":52,"column":2},"end":{"line":52,"column":35}},"22":{"start":{"line":52,"column":26},"end":{"line":52,"column":35}},"23":{"start":{"line":53,"column":15},"end":{"line":53,"column":66}},"24":{"start":{"line":53,"column":40},"end":{"line":53,"column":45}},"25":{"start":{"line":54,"column":19},"end":{"line":54,"column":96}},"26":{"start":{"line":54,"column":44},"end":{"line":54,"column":69}},"27":{"start":{"line":55,"column":2},"end":{"line":55,"column":46}},"28":{"start":{"line":60,"column":2},"end":{"line":60,"column":34}},"29":{"start":{"line":60,"column":25},"end":{"line":60,"column":34}},"30":{"start":{"line":61,"column":18},"end":{"line":61,"column":76}},"31":{"start":{"line":61,"column":48},"end":{"line":61,"column":75}},"32":{"start":{"line":62,"column":20},"end":{"line":62,"column":71}},"33":{"start":{"line":62,"column":45},"end":{"line":62,"column":50}},"34":{"start":{"line":63,"column":21},"end":{"line":63,"column":48}},"35":{"start":{"line":64,"column":2},"end":{"line":64,"column":33}},"36":{"start":{"line":64,"column":24},"end":{"line":64,"column":33}},"37":{"start":{"line":65,"column":2},"end":{"line":65,"column":57}},"38":{"start":{"line":70,"column":17},"end":{"line":70,"column":62}},"39":{"start":{"line":70,"column":33},"end":{"line":70,"column":61}},"40":{"start":{"line":71,"column":16},"end":{"line":71,"column":49}},"41":{"start":{"line":71,"column":40},"end":{"line":71,"column":45}},"42":{"start":{"line":72,"column":2},"end":{"line":72,"column":88}},"43":{"start":{"line":72,"column":40},"end":{"line":72,"column":57}},"44":{"start":{"line":72,"column":77},"end":{"line":72,"column":86}},"45":{"start":{"line":82,"column":14},"end":{"line":82,"column":15}},"46":{"start":{"line":83,"column":20},"end":{"line":83,"column":21}},"47":{"start":{"line":84,"column":2},"end":{"line":90,"column":5}},"48":{"start":{"line":85,"column":16},"end":{"line":85,"column":64}},"49":{"start":{"line":86,"column":4},"end":{"line":89,"column":5}},"50":{"start":{"line":87,"column":6},"end":{"line":87,"column":32}},"51":{"start":{"line":88,"column":6},"end":{"line":88,"column":32}},"52":{"start":{"line":91,"column":2},"end":{"line":91,"column":79}},"53":{"start":{"line":96,"column":2},"end":{"line":96,"column":50}},"54":{"start":{"line":97,"column":2},"end":{"line":119,"column":3}},"55":{"start":{"line":98,"column":17},"end":{"line":98,"column":67}},"56":{"start":{"line":99,"column":20},"end":{"line":100,"column":null}},"57":{"start":{"line":102,"column":22},"end":{"line":102,"column":42}},"58":{"start":{"line":103,"column":19},"end":{"line":103,"column":52}},"59":{"start":{"line":103,"column":39},"end":{"line":103,"column":51}},"60":{"start":{"line":104,"column":22},"end":{"line":105,"column":null}},"61":{"start":{"line":107,"column":20},"end":{"line":107,"column":42}},"62":{"start":{"line":108,"column":16},"end":{"line":108,"column":50}},"63":{"start":{"line":109,"column":16},"end":{"line":109,"column":50}},"64":{"start":{"line":110,"column":18},"end":{"line":110,"column":64}},"65":{"start":{"line":111,"column":19},"end":{"line":111,"column":42}},"66":{"start":{"line":112,"column":19},"end":{"line":112,"column":72}},"67":{"start":{"line":113,"column":19},"end":{"line":113,"column":67}},"68":{"start":{"line":114,"column":4},"end":{"line":114,"column":82}},"69":{"start":{"line":115,"column":4},"end":{"line":115,"column":45}},"70":{"start":{"line":117,"column":4},"end":{"line":117,"column":87}},"71":{"start":{"line":118,"column":4},"end":{"line":118,"column":69}},"72":{"start":{"line":124,"column":14},"end":{"line":124,"column":87}},"73":{"start":{"line":125,"column":2},"end":{"line":125,"column":55}},"74":{"start":{"line":130,"column":2},"end":{"line":130,"column":42}},"75":{"start":{"line":130,"column":18},"end":{"line":130,"column":42}},"76":{"start":{"line":131,"column":2},"end":{"line":131,"column":41}},"77":{"start":{"line":131,"column":18},"end":{"line":131,"column":41}},"78":{"start":{"line":132,"column":2},"end":{"line":132,"column":40}},"79":{"start":{"line":132,"column":18},"end":{"line":132,"column":40}},"80":{"start":{"line":133,"column":2},"end":{"line":133,"column":27}},"81":{"start":{"line":138,"column":16},"end":{"line":138,"column":49}},"82":{"start":{"line":139,"column":2},"end":{"line":152,"column":4}},"83":{"start":{"line":156,"column":13},"end":{"line":156,"column":54}},"84":{"start":{"line":158,"column":20},"end":{"line":162,"column":2}},"85":{"start":{"line":165,"column":0},"end":{"line":261,"column":3}},"86":{"start":{"line":166,"column":2},"end":{"line":166,"column":40}},"87":{"start":{"line":167,"column":2},"end":{"line":260,"column":3}},"88":{"start":{"line":168,"column":17},"end":{"line":168,"column":35}},"89":{"start":{"line":169,"column":19},"end":{"line":169,"column":58}},"90":{"start":{"line":170,"column":4},"end":{"line":170,"column":103}},"91":{"start":{"line":170,"column":90},"end":{"line":170,"column":98}},"92":{"start":{"line":172,"column":21},"end":{"line":172,"column":43}},"93":{"start":{"line":173,"column":19},"end":{"line":173,"column":38}},"94":{"start":{"line":174,"column":4},"end":{"line":177,"column":5}},"95":{"start":{"line":175,"column":6},"end":{"line":175,"column":45}},"96":{"start":{"line":176,"column":6},"end":{"line":176,"column":52}},"97":{"start":{"line":179,"column":24},"end":{"line":179,"column":83}},"98":{"start":{"line":179,"column":58},"end":{"line":179,"column":81}},"99":{"start":{"line":180,"column":20},"end":{"line":180,"column":42}},"100":{"start":{"line":182,"column":4},"end":{"line":185,"column":7}},"101":{"start":{"line":183,"column":31},"end":{"line":183,"column":39}},"102":{"start":{"line":184,"column":32},"end":{"line":184,"column":58}},"103":{"start":{"line":187,"column":21},"end":{"line":187,"column":66}},"104":{"start":{"line":188,"column":22},"end":{"line":188,"column":68}},"105":{"start":{"line":189,"column":22},"end":{"line":189,"column":68}},"106":{"start":{"line":191,"column":19},"end":{"line":194,"column":6}},"107":{"start":{"line":192,"column":39},"end":{"line":192,"column":109}},"108":{"start":{"line":193,"column":40},"end":{"line":193,"column":73}},"109":{"start":{"line":196,"column":4},"end":{"line":196,"column":72}},"110":{"start":{"line":198,"column":21},"end":{"line":252,"column":6}},"111":{"start":{"line":199,"column":23},"end":{"line":224,"column":null}},"112":{"start":{"line":228,"column":6},"end":{"line":231,"column":7}},"113":{"start":{"line":229,"column":8},"end":{"line":229,"column":61}},"114":{"start":{"line":230,"column":8},"end":{"line":230,"column":61}},"115":{"start":{"line":233,"column":20},"end":{"line":233,"column":41}},"116":{"start":{"line":234,"column":20},"end":{"line":234,"column":64}},"117":{"start":{"line":235,"column":6},"end":{"line":235,"column":75}},"118":{"start":{"line":237,"column":37},"end":{"line":237,"column":56}},"119":{"start":{"line":238,"column":20},"end":{"line":238,"column":53}},"120":{"start":{"line":240,"column":6},"end":{"line":240,"column":27}},"121":{"start":{"line":241,"column":6},"end":{"line":246,"column":8}},"122":{"start":{"line":248,"column":6},"end":{"line":248,"column":76}},"123":{"start":{"line":249,"column":6},"end":{"line":249,"column":82}},"124":{"start":{"line":251,"column":6},"end":{"line":251,"column":20}},"125":{"start":{"line":254,"column":4},"end":{"line":254,"column":34}},"126":{"start":{"line":255,"column":4},"end":{"line":255,"column":28}},"127":{"start":{"line":258,"column":4},"end":{"line":258,"column":58}},"128":{"start":{"line":259,"column":4},"end":{"line":259,"column":45}}},"fnMap":{"0":{"name":"(anonymous_1)","decl":{"start":{"line":21,"column":18},"end":{"line":21,"column":19}},"loc":{"start":{"line":21,"column":25},"end":{"line":21,"column":71}}},"1":{"name":"calculateVolatility","decl":{"start":{"line":49,"column":9},"end":{"line":49,"column":28}},"loc":{"start":{"line":49,"column":45},"end":{"line":56,"column":1}}},"2":{"name":"(anonymous_3)","decl":{"start":{"line":51,"column":38},"end":{"line":51,"column":39}},"loc":{"start":{"line":51,"column":48},"end":{"line":51,"column":71}}},"3":{"name":"(anonymous_4)","decl":{"start":{"line":53,"column":30},"end":{"line":53,"column":31}},"loc":{"start":{"line":53,"column":40},"end":{"line":53,"column":45}}},"4":{"name":"(anonymous_5)","decl":{"start":{"line":54,"column":34},"end":{"line":54,"column":35}},"loc":{"start":{"line":54,"column":44},"end":{"line":54,"column":69}}},"5":{"name":"calculateSharpe","decl":{"start":{"line":59,"column":9},"end":{"line":59,"column":24}},"loc":{"start":{"line":59,"column":41},"end":{"line":66,"column":1}}},"6":{"name":"(anonymous_7)","decl":{"start":{"line":61,"column":38},"end":{"line":61,"column":39}},"loc":{"start":{"line":61,"column":48},"end":{"line":61,"column":75}}},"7":{"name":"(anonymous_8)","decl":{"start":{"line":62,"column":35},"end":{"line":62,"column":36}},"loc":{"start":{"line":62,"column":45},"end":{"line":62,"column":50}}},"8":{"name":"computeWeights","decl":{"start":{"line":69,"column":9},"end":{"line":69,"column":23}},"loc":{"start":{"line":69,"column":39},"end":{"line":73,"column":1}}},"9":{"name":"(anonymous_10)","decl":{"start":{"line":70,"column":28},"end":{"line":70,"column":29}},"loc":{"start":{"line":70,"column":33},"end":{"line":70,"column":61}}},"10":{"name":"(anonymous_11)","decl":{"start":{"line":71,"column":30},"end":{"line":71,"column":31}},"loc":{"start":{"line":71,"column":40},"end":{"line":71,"column":45}}},"11":{"name":"(anonymous_12)","decl":{"start":{"line":72,"column":34},"end":{"line":72,"column":37}},"loc":{"start":{"line":72,"column":40},"end":{"line":72,"column":57}}},"12":{"name":"(anonymous_13)","decl":{"start":{"line":72,"column":72},"end":{"line":72,"column":73}},"loc":{"start":{"line":72,"column":77},"end":{"line":72,"column":86}}},"13":{"name":"weightedAvg","decl":{"start":{"line":76,"column":9},"end":{"line":76,"column":20}},"loc":{"start":{"line":80,"column":19},"end":{"line":92,"column":1}}},"14":{"name":"(anonymous_15)","decl":{"start":{"line":84,"column":22},"end":{"line":84,"column":23}},"loc":{"start":{"line":84,"column":31},"end":{"line":90,"column":3}}},"15":{"name":"getMarketData","decl":{"start":{"line":95,"column":15},"end":{"line":95,"column":28}},"loc":{"start":{"line":95,"column":43},"end":{"line":120,"column":1}}},"16":{"name":"(anonymous_17)","decl":{"start":{"line":103,"column":32},"end":{"line":103,"column":33}},"loc":{"start":{"line":103,"column":39},"end":{"line":103,"column":51}}},"17":{"name":"computeScore","decl":{"start":{"line":123,"column":9},"end":{"line":123,"column":21}},"loc":{"start":{"line":123,"column":51},"end":{"line":126,"column":1}}},"18":{"name":"interpretScore","decl":{"start":{"line":129,"column":9},"end":{"line":129,"column":23}},"loc":{"start":{"line":129,"column":37},"end":{"line":134,"column":1}}},"19":{"name":"buildFallback","decl":{"start":{"line":137,"column":9},"end":{"line":137,"column":22}},"loc":{"start":{"line":137,"column":77},"end":{"line":153,"column":1}}},"20":{"name":"(anonymous_21)","decl":{"start":{"line":165,"column":21},"end":{"line":165,"column":26}},"loc":{"start":{"line":165,"column":33},"end":{"line":261,"column":1}}},"21":{"name":"(anonymous_22)","decl":{"start":{"line":170,"column":85},"end":{"line":170,"column":86}},"loc":{"start":{"line":170,"column":90},"end":{"line":170,"column":98}}},"22":{"name":"(anonymous_23)","decl":{"start":{"line":179,"column":53},"end":{"line":179,"column":54}},"loc":{"start":{"line":179,"column":58},"end":{"line":179,"column":81}}},"23":{"name":"(anonymous_24)","decl":{"start":{"line":183,"column":26},"end":{"line":183,"column":27}},"loc":{"start":{"line":183,"column":31},"end":{"line":183,"column":39}}},"24":{"name":"(anonymous_25)","decl":{"start":{"line":184,"column":27},"end":{"line":184,"column":28}},"loc":{"start":{"line":184,"column":32},"end":{"line":184,"column":58}}},"25":{"name":"(anonymous_26)","decl":{"start":{"line":192,"column":29},"end":{"line":192,"column":30}},"loc":{"start":{"line":192,"column":39},"end":{"line":192,"column":109}}},"26":{"name":"(anonymous_27)","decl":{"start":{"line":193,"column":30},"end":{"line":193,"column":31}},"loc":{"start":{"line":193,"column":40},"end":{"line":193,"column":73}}},"27":{"name":"(anonymous_28)","decl":{"start":{"line":198,"column":54},"end":{"line":198,"column":59}},"loc":{"start":{"line":198,"column":65},"end":{"line":252,"column":5}}}},"branchMap":{"0":{"loc":{"start":{"line":17,"column":0},"end":{"line":24,"column":1}},"type":"if","locations":[{"start":{"line":17,"column":0},"end":{"line":24,"column":1}},{"start":{},"end":{}}]},"1":{"loc":{"start":{"line":21,"column":25},"end":{"line":21,"column":71}},"type":"binary-expr","locations":[{"start":{"line":21,"column":25},"end":{"line":21,"column":56}},{"start":{"line":21,"column":60},"end":{"line":21,"column":71}}]},"2":{"loc":{"start":{"line":50,"column":2},"end":{"line":50,"column":34}},"type":"if","locations":[{"start":{"line":50,"column":2},"end":{"line":50,"column":34}},{"start":{},"end":{}}]},"3":{"loc":{"start":{"line":52,"column":2},"end":{"line":52,"column":35}},"type":"if","locations":[{"start":{"line":52,"column":2},"end":{"line":52,"column":35}},{"start":{},"end":{}}]},"4":{"loc":{"start":{"line":60,"column":2},"end":{"line":60,"column":34}},"type":"if","locations":[{"start":{"line":60,"column":2},"end":{"line":60,"column":34}},{"start":{},"end":{}}]},"5":{"loc":{"start":{"line":64,"column":2},"end":{"line":64,"column":33}},"type":"if","locations":[{"start":{"line":64,"column":2},"end":{"line":64,"column":33}},{"start":{},"end":{}}]},"6":{"loc":{"start":{"line":72,"column":9},"end":{"line":72,"column":87}},"type":"cond-expr","locations":[{"start":{"line":72,"column":23},"end":{"line":72,"column":58}},{"start":{"line":72,"column":61},"end":{"line":72,"column":87}}]},"7":{"loc":{"start":{"line":85,"column":16},"end":{"line":85,"column":64}},"type":"cond-expr","locations":[{"start":{"line":85,"column":35},"end":{"line":85,"column":43}},{"start":{"line":85,"column":46},"end":{"line":85,"column":64}}]},"8":{"loc":{"start":{"line":86,"column":4},"end":{"line":89,"column":5}},"type":"if","locations":[{"start":{"line":86,"column":4},"end":{"line":89,"column":5}},{"start":{},"end":{}}]},"9":{"loc":{"start":{"line":86,"column":8},"end":{"line":86,"column":39}},"type":"binary-expr","locations":[{"start":{"line":86,"column":8},"end":{"line":86,"column":19}},{"start":{"line":86,"column":23},"end":{"line":86,"column":39}}]},"10":{"loc":{"start":{"line":91,"column":9},"end":{"line":91,"column":78}},"type":"cond-expr","locations":[{"start":{"line":91,"column":29},"end":{"line":91,"column":35}},{"start":{"line":91,"column":38},"end":{"line":91,"column":78}}]},"11":{"loc":{"start":{"line":98,"column":17},"end":{"line":98,"column":67}},"type":"cond-expr","locations":[{"start":{"line":98,"column":43},"end":{"line":98,"column":49}},{"start":{"line":98,"column":52},"end":{"line":98,"column":67}}]},"12":{"loc":{"start":{"line":108,"column":27},"end":{"line":108,"column":49}},"type":"binary-expr","locations":[{"start":{"line":108,"column":27},"end":{"line":108,"column":42}},{"start":{"line":108,"column":46},"end":{"line":108,"column":49}}]},"13":{"loc":{"start":{"line":109,"column":27},"end":{"line":109,"column":49}},"type":"binary-expr","locations":[{"start":{"line":109,"column":27},"end":{"line":109,"column":42}},{"start":{"line":109,"column":46},"end":{"line":109,"column":49}}]},"14":{"loc":{"start":{"line":112,"column":19},"end":{"line":112,"column":72}},"type":"cond-expr","locations":[{"start":{"line":112,"column":25},"end":{"line":112,"column":63}},{"start":{"line":112,"column":66},"end":{"line":112,"column":72}}]},"15":{"loc":{"start":{"line":113,"column":26},"end":{"line":113,"column":49}},"type":"binary-expr","locations":[{"start":{"line":113,"column":26},"end":{"line":113,"column":44}},{"start":{"line":113,"column":48},"end":{"line":113,"column":49}}]},"16":{"loc":{"start":{"line":124,"column":32},"end":{"line":124,"column":44}},"type":"binary-expr","locations":[{"start":{"line":124,"column":32},"end":{"line":124,"column":37}},{"start":{"line":124,"column":41},"end":{"line":124,"column":44}}]},"17":{"loc":{"start":{"line":124,"column":67},"end":{"line":124,"column":80}},"type":"binary-expr","locations":[{"start":{"line":124,"column":67},"end":{"line":124,"column":73}},{"start":{"line":124,"column":77},"end":{"line":124,"column":80}}]},"18":{"loc":{"start":{"line":130,"column":2},"end":{"line":130,"column":42}},"type":"if","locations":[{"start":{"line":130,"column":2},"end":{"line":130,"column":42}},{"start":{},"end":{}}]},"19":{"loc":{"start":{"line":131,"column":2},"end":{"line":131,"column":41}},"type":"if","locations":[{"start":{"line":131,"column":2},"end":{"line":131,"column":41}},{"start":{},"end":{}}]},"20":{"loc":{"start":{"line":132,"column":2},"end":{"line":132,"column":40}},"type":"if","locations":[{"start":{"line":132,"column":2},"end":{"line":132,"column":40}},{"start":{},"end":{}}]},"21":{"loc":{"start":{"line":140,"column":15},"end":{"line":140,"column":94}},"type":"cond-expr","locations":[{"start":{"line":140,"column":28},"end":{"line":140,"column":33}},{"start":{"line":140,"column":36},"end":{"line":140,"column":94}}]},"22":{"loc":{"start":{"line":140,"column":36},"end":{"line":140,"column":94}},"type":"cond-expr","locations":[{"start":{"line":140,"column":49},"end":{"line":140,"column":59}},{"start":{"line":140,"column":62},"end":{"line":140,"column":94}}]},"23":{"loc":{"start":{"line":140,"column":62},"end":{"line":140,"column":94}},"type":"cond-expr","locations":[{"start":{"line":140,"column":75},"end":{"line":140,"column":81}},{"start":{"line":140,"column":84},"end":{"line":140,"column":94}}]},"24":{"loc":{"start":{"line":149,"column":17},"end":{"line":149,"column":66}},"type":"cond-expr","locations":[{"start":{"line":149,"column":43},"end":{"line":149,"column":51}},{"start":{"line":149,"column":54},"end":{"line":149,"column":66}}]},"25":{"loc":{"start":{"line":174,"column":4},"end":{"line":177,"column":5}},"type":"if","locations":[{"start":{"line":174,"column":4},"end":{"line":177,"column":5}},{"start":{},"end":{}}]},"26":{"loc":{"start":{"line":228,"column":6},"end":{"line":231,"column":7}},"type":"if","locations":[{"start":{"line":228,"column":6},"end":{"line":231,"column":7}},{"start":{},"end":{}}]},"27":{"loc":{"start":{"line":234,"column":20},"end":{"line":234,"column":64}},"type":"binary-expr","locations":[{"start":{"line":234,"column":20},"end":{"line":234,"column":56}},{"start":{"line":234,"column":60},"end":{"line":234,"column":64}}]},"28":{"loc":{"start":{"line":244,"column":19},"end":{"line":244,"column":68}},"type":"cond-expr","locations":[{"start":{"line":244,"column":45},"end":{"line":244,"column":53}},{"start":{"line":244,"column":56},"end":{"line":244,"column":68}}]}},"s":{"0":1,"1":1,"2":1,"3":1,"4":1,"5":1,"6":1,"7":1,"8":1,"9":1,"10":1,"11":1,"12":1,"13":1,"14":1,"15":0,"16":0,"17":10,"18":0,"19":10,"20":60,"21":10,"22":0,"23":10,"24":60,"25":10,"26":60,"27":10,"28":5,"29":0,"30":5,"31":30,"32":5,"33":30,"34":5,"35":5,"36":0,"37":5,"38":5,"39":6,"40":5,"41":6,"42":5,"43":0,"44":6,"45":15,"46":15,"47":15,"48":18,"49":18,"50":16,"51":16,"52":15,"53":6,"54":6,"55":6,"56":6,"57":5,"58":5,"59":35,"60":5,"61":5,"62":5,"63":5,"64":5,"65":5,"66":5,"67":5,"68":5,"69":5,"70":1,"71":1,"72":4,"73":4,"74":4,"75":1,"76":3,"77":0,"78":3,"79":0,"80":3,"81":0,"82":0,"83":1,"84":1,"85":1,"86":7,"87":7,"88":7,"89":7,"90":6,"91":7,"92":6,"93":6,"94":6,"95":1,"96":1,"97":5,"98":6,"99":5,"100":5,"101":6,"102":6,"103":5,"104":5,"105":5,"106":5,"107":6,"108":6,"109":5,"110":5,"111":5,"112":4,"113":0,"114":0,"115":4,"116":4,"117":4,"118":4,"119":4,"120":4,"121":4,"122":4,"123":4,"124":4,"125":4,"126":4,"127":2,"128":2},"f":{"0":0,"1":10,"2":60,"3":60,"4":60,"5":5,"6":30,"7":30,"8":5,"9":6,"10":6,"11":0,"12":6,"13":15,"14":18,"15":6,"16":35,"17":4,"18":4,"19":0,"20":7,"21":7,"22":6,"23":6,"24":6,"25":6,"26":6,"27":5},"b":{"0":[0,1],"1":[0,0],"2":[0,10],"3":[0,10],"4":[0,5],"5":[0,5],"6":[0,5],"7":[6,12],"8":[16,2],"9":[18,16],"10":[2,13],"11":[0,6],"12":[5,0],"13":[5,0],"14":[5,0],"15":[5,0],"16":[4,0],"17":[4,0],"18":[1,3],"19":[0,3],"20":[0,3],"21":[0,0],"22":[0,0],"23":[0,0],"24":[0,0],"25":[1,5],"26":[0,4],"27":[4,0],"28":[3,1]}}
,"C:\\Users\\DELL\\IA-Portfolio-Project\\src\\utils\\LRUcache.ts": {"path":"C:\\Users\\DELL\\IA-Portfolio-Project\\src\\utils\\LRUcache.ts","statementMap":{"0":{"start":{"line":2,"column":10},"end":{"line":2,"column":44}},"1":{"start":{"line":6,"column":4},"end":{"line":6,"column":19}},"2":{"start":{"line":10,"column":17},"end":{"line":10,"column":36}},"3":{"start":{"line":11,"column":4},"end":{"line":15,"column":5}},"4":{"start":{"line":13,"column":6},"end":{"line":13,"column":29}},"5":{"start":{"line":14,"column":6},"end":{"line":14,"column":32}},"6":{"start":{"line":16,"column":4},"end":{"line":16,"column":16}},"7":{"start":{"line":20,"column":4},"end":{"line":24,"column":5}},"8":{"start":{"line":22,"column":23},"end":{"line":22,"column":53}},"9":{"start":{"line":23,"column":6},"end":{"line":23,"column":48}},"10":{"start":{"line":23,"column":20},"end":{"line":23,"column":48}},"11":{"start":{"line":25,"column":4},"end":{"line":25,"column":31}},"12":{"start":{"line":1,"column":0},"end":{"line":1,"column":13}}},"fnMap":{"0":{"name":"(anonymous_0)","decl":{"start":{"line":5,"column":2},"end":{"line":5,"column":14}},"loc":{"start":{"line":5,"column":30},"end":{"line":7,"column":3}}},"1":{"name":"(anonymous_1)","decl":{"start":{"line":9,"column":2},"end":{"line":9,"column":5}},"loc":{"start":{"line":9,"column":17},"end":{"line":17,"column":3}}},"2":{"name":"(anonymous_2)","decl":{"start":{"line":19,"column":2},"end":{"line":19,"column":5}},"loc":{"start":{"line":19,"column":27},"end":{"line":26,"column":3}}}},"branchMap":{"0":{"loc":{"start":{"line":5,"column":14},"end":{"line":5,"column":30}},"type":"default-arg","locations":[{"start":{"line":5,"column":28},"end":{"line":5,"column":30}}]},"1":{"loc":{"start":{"line":11,"column":4},"end":{"line":15,"column":5}},"type":"if","locations":[{"start":{"line":11,"column":4},"end":{"line":15,"column":5}},{"start":{},"end":{}}]},"2":{"loc":{"start":{"line":20,"column":4},"end":{"line":24,"column":5}},"type":"if","locations":[{"start":{"line":20,"column":4},"end":{"line":24,"column":5}},{"start":{},"end":{}}]},"3":{"loc":{"start":{"line":23,"column":6},"end":{"line":23,"column":48}},"type":"if","locations":[{"start":{"line":23,"column":6},"end":{"line":23,"column":48}},{"start":{},"end":{}}]}},"s":{"0":5,"1":5,"2":14,"3":14,"4":6,"5":6,"6":14,"7":11,"8":2,"9":2,"10":2,"11":11,"12":1},"f":{"0":5,"1":14,"2":11},"b":{"0":[0],"1":[6,8],"2":[2,9],"3":[2,0]}}
,"C:\\Users\\DELL\\IA-Portfolio-Project\\src\\utils\\circuitBreaker.ts": {"path":"C:\\Users\\DELL\\IA-Portfolio-Project\\src\\utils\\circuitBreaker.ts","statementMap":{"0":{"start":{"line":2,"column":10},"end":{"line":2,"column":60}},"1":{"start":{"line":3,"column":10},"end":{"line":3,"column":39}},"2":{"start":{"line":4,"column":10},"end":{"line":4,"column":31}},"3":{"start":{"line":5,"column":10},"end":{"line":5,"column":34}},"4":{"start":{"line":8,"column":4},"end":{"line":14,"column":5}},"5":{"start":{"line":9,"column":6},"end":{"line":13,"column":7}},"6":{"start":{"line":10,"column":8},"end":{"line":10,"column":33}},"7":{"start":{"line":12,"column":8},"end":{"line":12,"column":83}},"8":{"start":{"line":16,"column":4},"end":{"line":23,"column":5}},"9":{"start":{"line":17,"column":21},"end":{"line":17,"column":35}},"10":{"start":{"line":18,"column":6},"end":{"line":18,"column":19}},"11":{"start":{"line":19,"column":6},"end":{"line":19,"column":20}},"12":{"start":{"line":21,"column":6},"end":{"line":21,"column":27}},"13":{"start":{"line":22,"column":6},"end":{"line":22,"column":18}},"14":{"start":{"line":27,"column":4},"end":{"line":27,"column":26}},"15":{"start":{"line":28,"column":4},"end":{"line":28,"column":22}},"16":{"start":{"line":29,"column":4},"end":{"line":29,"column":25}},"17":{"start":{"line":33,"column":4},"end":{"line":33,"column":20}},"18":{"start":{"line":34,"column":4},"end":{"line":37,"column":5}},"19":{"start":{"line":35,"column":6},"end":{"line":35,"column":26}},"20":{"start":{"line":36,"column":6},"end":{"line":36,"column":44}},"21":{"start":{"line":41,"column":4},"end":{"line":41,"column":26}},"22":{"start":{"line":42,"column":4},"end":{"line":42,"column":22}},"23":{"start":{"line":1,"column":0},"end":{"line":1,"column":13}},"24":{"start":{"line":46,"column":13},"end":{"line":46,"column":55}}},"fnMap":{"0":{"name":"(anonymous_0)","decl":{"start":{"line":1,"column":0},"end":{"line":1,"column":13}},"loc":{"start":{"line":1,"column":0},"end":{"line":44,"column":1}}},"1":{"name":"(anonymous_1)","decl":{"start":{"line":7,"column":2},"end":{"line":7,"column":7}},"loc":{"start":{"line":7,"column":43},"end":{"line":24,"column":3}}},"2":{"name":"(anonymous_2)","decl":{"start":{"line":26,"column":9},"end":{"line":26,"column":19}},"loc":{"start":{"line":26,"column":19},"end":{"line":30,"column":3}}},"3":{"name":"(anonymous_3)","decl":{"start":{"line":32,"column":10},"end":{"line":32,"column":23}},"loc":{"start":{"line":32,"column":23},"end":{"line":38,"column":3}}},"4":{"name":"(anonymous_4)","decl":{"start":{"line":40,"column":10},"end":{"line":40,"column":15}},"loc":{"start":{"line":40,"column":15},"end":{"line":43,"column":3}}}},"branchMap":{"0":{"loc":{"start":{"line":8,"column":4},"end":{"line":14,"column":5}},"type":"if","locations":[{"start":{"line":8,"column":4},"end":{"line":14,"column":5}},{"start":{},"end":{}}]},"1":{"loc":{"start":{"line":9,"column":6},"end":{"line":13,"column":7}},"type":"if","locations":[{"start":{"line":9,"column":6},"end":{"line":13,"column":7}},{"start":{"line":11,"column":13},"end":{"line":13,"column":7}}]},"2":{"loc":{"start":{"line":34,"column":4},"end":{"line":37,"column":5}},"type":"if","locations":[{"start":{"line":34,"column":4},"end":{"line":37,"column":5}},{"start":{},"end":{}}]}},"s":{"0":1,"1":1,"2":1,"3":1,"4":15,"5":2,"6":1,"7":1,"8":14,"9":14,"10":7,"11":7,"12":7,"13":7,"14":0,"15":0,"16":0,"17":7,"18":7,"19":2,"20":2,"21":7,"22":7,"23":1,"24":1},"f":{"0":1,"1":15,"2":0,"3":7,"4":7},"b":{"0":[2,13],"1":[1,1],"2":[2,5]}}
,"C:\\Users\\DELL\\IA-Portfolio-Project\\src\\utils\\logger.ts": {"path":"C:\\Users\\DELL\\IA-Portfolio-Project\\src\\utils\\logger.ts","statementMap":{"0":{"start":{"line":1,"column":0},"end":{"line":1,"column":30}},"1":{"start":{"line":3,"column":15},"end":{"line":18,"column":2}},"2":{"start":{"line":9,"column":22},"end":{"line":9,"column":74}},"3":{"start":{"line":10,"column":6},"end":{"line":10,"column":63}},"4":{"start":{"line":20,"column":0},"end":{"line":20,"column":22}}},"fnMap":{"0":{"name":"(anonymous_1)","decl":{"start":{"line":8,"column":26},"end":{"line":8,"column":27}},"loc":{"start":{"line":8,"column":69},"end":{"line":11,"column":5}}}},"branchMap":{"0":{"loc":{"start":{"line":9,"column":22},"end":{"line":9,"column":74}},"type":"cond-expr","locations":[{"start":{"line":9,"column":49},"end":{"line":9,"column":69}},{"start":{"line":9,"column":72},"end":{"line":9,"column":74}}]}},"s":{"0":1,"1":1,"2":42,"3":42,"4":1},"f":{"0":42},"b":{"0":[35,7]}}
}
