TN:
SF:src\app.ts
FN:21,(anonymous_1)
FN:48,calculateVolatility
FN:50,(anonymous_3)
FN:52,(anonymous_4)
FN:53,(anonymous_5)
FN:57,calculateSharpe
FN:59,(anonymous_7)
FN:60,(anonymous_8)
FN:66,computeWeights
FN:67,(anonymous_10)
FN:68,(anonymous_11)
FN:69,(anonymous_12)
FN:69,(anonymous_13)
FN:72,weightedAvg
FN:80,(anonymous_15)
FN:90,getMarketData
FN:98,(anonymous_17)
FN:117,computeScore
FN:122,interpretScore
FN:129,buildFallback
FN:156,(anonymous_21)
FN:169,(anonymous_22)
FN:174,(anonymous_23)
FN:183,(anonymous_24)
FN:184,(anonymous_25)
FN:187,(anonymous_26)
FNF:26
FNH:23
FNDA:0,(anonymous_1)
FNDA:10,calculateVolatility
FNDA:60,(anonymous_3)
FNDA:60,(anonymous_4)
FNDA:60,(anonymous_5)
FNDA:5,calculateSharpe
FNDA:30,(anonymous_7)
FNDA:30,(anonymous_8)
FNDA:5,computeWeights
FNDA:6,(anonymous_10)
FNDA:6,(anonymous_11)
FNDA:0,(anonymous_12)
FNDA:6,(anonymous_13)
FNDA:15,weightedAvg
FNDA:18,(anonymous_15)
FNDA:6,getMarketData
FNDA:35,(anonymous_17)
FNDA:4,computeScore
FNDA:4,interpretScore
FNDA:0,buildFallback
FNDA:7,(anonymous_21)
FNDA:6,(anonymous_22)
FNDA:6,(anonymous_23)
FNDA:6,(anonymous_24)
FNDA:6,(anonymous_25)
FNDA:5,(anonymous_26)
DA:1,1
DA:2,1
DA:3,1
DA:4,1
DA:5,1
DA:6,1
DA:7,1
DA:8,1
DA:9,1
DA:11,1
DA:13,1
DA:14,1
DA:15,1
DA:17,1
DA:18,0
DA:21,0
DA:49,10
DA:50,60
DA:51,10
DA:52,60
DA:53,60
DA:54,10
DA:58,5
DA:59,30
DA:60,30
DA:61,5
DA:62,5
DA:63,5
DA:67,6
DA:68,6
DA:69,6
DA:78,15
DA:79,15
DA:80,15
DA:81,18
DA:82,18
DA:83,16
DA:84,16
DA:87,15
DA:91,6
DA:92,6
DA:93,6
DA:94,6
DA:97,5
DA:98,35
DA:99,5
DA:102,5
DA:103,5
DA:104,5
DA:105,5
DA:106,5
DA:107,5
DA:108,5
DA:109,5
DA:110,5
DA:112,1
DA:113,1
DA:118,4
DA:119,4
DA:123,4
DA:124,3
DA:125,3
DA:126,3
DA:130,0
DA:131,0
DA:148,1
DA:150,1
DA:156,1
DA:157,7
DA:158,7
DA:159,7
DA:160,7
DA:162,6
DA:163,6
DA:164,6
DA:165,1
DA:166,1
DA:169,6
DA:170,5
DA:173,5
DA:174,5
DA:175,6
DA:178,5
DA:179,5
DA:180,5
DA:182,5
DA:183,6
DA:184,6
DA:187,5
DA:188,5
DA:213,4
DA:214,0
DA:215,0
DA:218,4
DA:219,4
DA:220,4
DA:222,4
DA:223,4
DA:225,4
DA:226,4
DA:227,4
DA:234,4
DA:235,4
DA:238,4
DA:239,4
DA:242,2
DA:243,2
DA:247,1
LF:108
LH:102
BRDA:17,0,0,0
BRDA:17,0,1,1
BRDA:21,1,0,0
BRDA:21,1,1,0
BRDA:49,2,0,0
BRDA:49,2,1,10
BRDA:51,3,0,0
BRDA:51,3,1,10
BRDA:58,4,0,0
BRDA:58,4,1,5
BRDA:62,5,0,0
BRDA:62,5,1,5
BRDA:69,6,0,0
BRDA:69,6,1,5
BRDA:81,7,0,6
BRDA:81,7,1,12
BRDA:82,8,0,16
BRDA:82,8,1,2
BRDA:82,9,0,18
BRDA:82,9,1,16
BRDA:87,10,0,2
BRDA:87,10,1,13
BRDA:93,11,0,0
BRDA:93,11,1,6
BRDA:103,12,0,5
BRDA:103,12,1,0
BRDA:104,13,0,5
BRDA:104,13,1,0
BRDA:107,14,0,5
BRDA:107,14,1,0
BRDA:108,15,0,5
BRDA:108,15,1,0
BRDA:118,16,0,4
BRDA:118,16,1,0
BRDA:118,17,0,4
BRDA:118,17,1,0
BRDA:123,18,0,1
BRDA:123,18,1,3
BRDA:124,19,0,0
BRDA:124,19,1,3
BRDA:125,20,0,0
BRDA:125,20,1,3
BRDA:132,21,0,0
BRDA:132,21,1,0
BRDA:132,22,0,0
BRDA:132,22,1,0
BRDA:132,23,0,0
BRDA:132,23,1,0
BRDA:142,24,0,0
BRDA:142,24,1,0
BRDA:164,25,0,1
BRDA:164,25,1,5
BRDA:213,26,0,0
BRDA:213,26,1,4
BRDA:219,27,0,4
BRDA:219,27,1,0
BRDA:230,28,0,3
BRDA:230,28,1,1
BRF:58
BRH:31
end_of_record
TN:
SF:src\utils\LRUcache.ts
FN:5,(anonymous_0)
FN:9,(anonymous_1)
FN:19,(anonymous_2)
FNF:3
FNH:3
FNDA:5,(anonymous_0)
FNDA:14,(anonymous_1)
FNDA:11,(anonymous_2)
DA:1,1
DA:2,5
DA:6,5
DA:10,14
DA:11,14
DA:13,6
DA:14,6
DA:16,14
DA:20,11
DA:22,2
DA:23,2
DA:25,11
LF:12
LH:12
BRDA:5,0,0,0
BRDA:11,1,0,6
BRDA:11,1,1,8
BRDA:20,2,0,2
BRDA:20,2,1,9
BRDA:23,3,0,2
BRDA:23,3,1,0
BRF:7
BRH:5
end_of_record
TN:
SF:src\utils\circuitBreaker.ts
FN:1,(anonymous_0)
FN:7,(anonymous_1)
FN:26,(anonymous_2)
FN:32,(anonymous_3)
FN:40,(anonymous_4)
FNF:5
FNH:4
FNDA:1,(anonymous_0)
FNDA:15,(anonymous_1)
FNDA:0,(anonymous_2)
FNDA:7,(anonymous_3)
FNDA:7,(anonymous_4)
DA:1,1
DA:2,1
DA:3,1
DA:4,1
DA:5,1
DA:8,15
DA:9,2
DA:10,1
DA:12,1
DA:16,14
DA:17,14
DA:18,7
DA:19,7
DA:21,7
DA:22,7
DA:27,0
DA:28,0
DA:29,0
DA:33,7
DA:34,7
DA:35,2
DA:36,2
DA:41,7
DA:42,7
DA:46,1
LF:25
LH:22
BRDA:8,0,0,2
BRDA:8,0,1,13
BRDA:9,1,0,1
BRDA:9,1,1,1
BRDA:34,2,0,2
BRDA:34,2,1,5
BRF:6
BRH:6
end_of_record
TN:
SF:src\utils\logger.ts
FN:8,(anonymous_1)
FNF:1
FNH:1
FNDA:22,(anonymous_1)
DA:1,1
DA:3,1
DA:9,22
DA:10,22
DA:20,1
LF:5
LH:5
BRDA:9,0,0,15
BRDA:9,0,1,7
BRF:2
BRH:2
end_of_record
