TN:
SF:src\app.ts
FN:21,(anonymous_1)
FN:49,calculateVolatility
FN:51,(anonymous_3)
FN:53,(anonymous_4)
FN:54,(anonymous_5)
FN:59,calculateSharpe
FN:61,(anonymous_7)
FN:62,(anonymous_8)
FN:69,computeWeights
FN:70,(anonymous_10)
FN:71,(anonymous_11)
FN:72,(anonymous_12)
FN:72,(anonymous_13)
FN:76,weightedAvg
FN:84,(anonymous_15)
FN:95,getMarketData
FN:103,(anonymous_17)
FN:123,computeScore
FN:129,interpretScore
FN:137,buildFallback
FN:165,(anonymous_21)
FN:170,(anonymous_22)
FN:179,(anonymous_23)
FN:183,(anonymous_24)
FN:184,(anonymous_25)
FN:192,(anonymous_26)
FN:193,(anonymous_27)
FN:198,(anonymous_28)
FNF:28
FNH:25
FNDA:0,(anonymous_1)
FNDA:10,calculateVolatility
FNDA:60,(anonymous_3)
FNDA:60,(anonymous_4)
FNDA:60,(anonymous_5)
FNDA:5,calculateSharpe
FNDA:30,(anonymous_7)
FNDA:30,(anonymous_8)
FNDA:5,computeWeights
FNDA:6,(anonymous_10)
FNDA:6,(anonymous_11)
FNDA:0,(anonymous_12)
FNDA:6,(anonymous_13)
FNDA:15,weightedAvg
FNDA:18,(anonymous_15)
FNDA:6,getMarketData
FNDA:35,(anonymous_17)
FNDA:4,computeScore
FNDA:4,interpretScore
FNDA:0,buildFallback
FNDA:7,(anonymous_21)
FNDA:7,(anonymous_22)
FNDA:6,(anonymous_23)
FNDA:6,(anonymous_24)
FNDA:6,(anonymous_25)
FNDA:6,(anonymous_26)
FNDA:6,(anonymous_27)
FNDA:5,(anonymous_28)
DA:1,1
DA:2,1
DA:3,1
DA:4,1
DA:5,1
DA:6,1
DA:7,1
DA:8,1
DA:9,1
DA:11,1
DA:13,1
DA:14,1
DA:15,1
DA:17,1
DA:18,0
DA:21,0
DA:50,10
DA:51,60
DA:52,10
DA:53,60
DA:54,60
DA:55,10
DA:60,5
DA:61,30
DA:62,30
DA:63,5
DA:64,5
DA:65,5
DA:70,6
DA:71,6
DA:72,6
DA:82,15
DA:83,15
DA:84,15
DA:85,18
DA:86,18
DA:87,16
DA:88,16
DA:91,15
DA:96,6
DA:97,6
DA:98,6
DA:99,6
DA:102,5
DA:103,35
DA:104,5
DA:107,5
DA:108,5
DA:109,5
DA:110,5
DA:111,5
DA:112,5
DA:113,5
DA:114,5
DA:115,5
DA:117,1
DA:118,1
DA:124,4
DA:125,4
DA:130,4
DA:131,3
DA:132,3
DA:133,3
DA:138,0
DA:139,0
DA:156,1
DA:158,1
DA:165,1
DA:166,7
DA:167,7
DA:168,7
DA:169,7
DA:170,7
DA:172,6
DA:173,6
DA:174,6
DA:175,1
DA:176,1
DA:179,6
DA:180,5
DA:182,5
DA:183,6
DA:184,6
DA:187,5
DA:188,5
DA:189,5
DA:191,5
DA:192,6
DA:193,6
DA:196,5
DA:198,5
DA:199,5
DA:228,4
DA:229,0
DA:230,0
DA:233,4
DA:234,4
DA:235,4
DA:237,4
DA:238,4
DA:240,4
DA:241,4
DA:248,4
DA:249,4
DA:251,4
DA:254,4
DA:255,4
DA:258,2
DA:259,2
DA:264,1
LF:110
LH:104
BRDA:17,0,0,0
BRDA:17,0,1,1
BRDA:21,1,0,0
BRDA:21,1,1,0
BRDA:50,2,0,0
BRDA:50,2,1,10
BRDA:52,3,0,0
BRDA:52,3,1,10
BRDA:60,4,0,0
BRDA:60,4,1,5
BRDA:64,5,0,0
BRDA:64,5,1,5
BRDA:72,6,0,0
BRDA:72,6,1,5
BRDA:85,7,0,6
BRDA:85,7,1,12
BRDA:86,8,0,16
BRDA:86,8,1,2
BRDA:86,9,0,18
BRDA:86,9,1,16
BRDA:91,10,0,2
BRDA:91,10,1,13
BRDA:98,11,0,0
BRDA:98,11,1,6
BRDA:108,12,0,5
BRDA:108,12,1,0
BRDA:109,13,0,5
BRDA:109,13,1,0
BRDA:112,14,0,5
BRDA:112,14,1,0
BRDA:113,15,0,5
BRDA:113,15,1,0
BRDA:124,16,0,4
BRDA:124,16,1,0
BRDA:124,17,0,4
BRDA:124,17,1,0
BRDA:130,18,0,1
BRDA:130,18,1,3
BRDA:131,19,0,0
BRDA:131,19,1,3
BRDA:132,20,0,0
BRDA:132,20,1,3
BRDA:140,21,0,0
BRDA:140,21,1,0
BRDA:140,22,0,0
BRDA:140,22,1,0
BRDA:140,23,0,0
BRDA:140,23,1,0
BRDA:149,24,0,0
BRDA:149,24,1,0
BRDA:174,25,0,1
BRDA:174,25,1,5
BRDA:228,26,0,0
BRDA:228,26,1,4
BRDA:234,27,0,4
BRDA:234,27,1,0
BRDA:244,28,0,3
BRDA:244,28,1,1
BRF:58
BRH:31
end_of_record
TN:
SF:src\utils\LRUcache.ts
FN:5,(anonymous_0)
FN:9,(anonymous_1)
FN:19,(anonymous_2)
FNF:3
FNH:3
FNDA:5,(anonymous_0)
FNDA:14,(anonymous_1)
FNDA:11,(anonymous_2)
DA:1,1
DA:2,5
DA:6,5
DA:10,14
DA:11,14
DA:13,6
DA:14,6
DA:16,14
DA:20,11
DA:22,2
DA:23,2
DA:25,11
LF:12
LH:12
BRDA:5,0,0,0
BRDA:11,1,0,6
BRDA:11,1,1,8
BRDA:20,2,0,2
BRDA:20,2,1,9
BRDA:23,3,0,2
BRDA:23,3,1,0
BRF:7
BRH:5
end_of_record
TN:
SF:src\utils\circuitBreaker.ts
FN:1,(anonymous_0)
FN:7,(anonymous_1)
FN:26,(anonymous_2)
FN:32,(anonymous_3)
FN:40,(anonymous_4)
FNF:5
FNH:4
FNDA:1,(anonymous_0)
FNDA:15,(anonymous_1)
FNDA:0,(anonymous_2)
FNDA:7,(anonymous_3)
FNDA:7,(anonymous_4)
DA:1,1
DA:2,1
DA:3,1
DA:4,1
DA:5,1
DA:8,15
DA:9,2
DA:10,1
DA:12,1
DA:16,14
DA:17,14
DA:18,7
DA:19,7
DA:21,7
DA:22,7
DA:27,0
DA:28,0
DA:29,0
DA:33,7
DA:34,7
DA:35,2
DA:36,2
DA:41,7
DA:42,7
DA:46,1
LF:25
LH:22
BRDA:8,0,0,2
BRDA:8,0,1,13
BRDA:9,1,0,1
BRDA:9,1,1,1
BRDA:34,2,0,2
BRDA:34,2,1,5
BRF:6
BRH:6
end_of_record
TN:
SF:src\utils\logger.ts
FN:8,(anonymous_1)
FNF:1
FNH:1
FNDA:42,(anonymous_1)
DA:1,1
DA:3,1
DA:9,42
DA:10,42
DA:20,1
LF:5
LH:5
BRDA:9,0,0,35
BRDA:9,0,1,7
BRF:2
BRH:2
end_of_record
